<?xml version="1.0" encoding="UTF-8"?>
<!-- Generated by org.testng.reporters.JUnitReportReporter -->
<testsuite hostname="IN-MH1LPW101875" failures="0" tests="9" name="com.seleniumpractice.Testautomationpractice" time="6.307" errors="0" timestamp="13 Sep 2023 16:35:44 GMT">
  <testcase classname="com.seleniumpractice.Testautomationpractice" name="selectcheckbox" time="1.172"/>
  <testcase classname="com.seleniumpractice.Testautomationpractice" name="selectradiobutton" time="0.243"/>
  <testcase classname="com.seleniumpractice.Testautomationpractice" name="selectTab" time="0.072"/>
  <testcase classname="com.seleniumpractice.Testautomationpractice" name="selectColor" time="0.459"/>
  <testcase classname="com.seleniumpractice.Testautomationpractice" name="selectCalendar" time="0.321"/>
  <testcase classname="com.seleniumpractice.Testautomationpractice" name="dragDrop" time="0.305"/>
  <testcase classname="com.seleniumpractice.Testautomationpractice" name="selectPostAtom" time="2.029"/>
  <testcase classname="com.seleniumpractice.Testautomationpractice" name="entertextbox" time="0.588"/>
  <testcase classname="com.seleniumpractice.Testautomationpractice" name="selectdropdown1" time="1.118"/>
</testsuite> <!-- com.seleniumpractice.Testautomationpractice -->
